<?xml version="1.0" encoding="UTF-8"?>
<testsuite name="HackTeamTest" tests="5" skipped="0" failures="0" errors="0" timestamp="2017-04-03T23:40:39" hostname="Epicodus-5A.local" time="0.001">
  <properties/>
  <testcase name="test_getters" classname="HackTeamTest" time="0.0"/>
  <testcase name="HackTeam_HackMemberInHackTeam_true" classname="HackTeamTest" time="0.0"/>
  <testcase name="HackTeam_TeamObj_true" classname="HackTeamTest" time="0.0"/>
  <testcase name="HackTeam_allteams_true" classname="HackTeamTest" time="0.0"/>
  <testcase name="HackTeam_Addmember_true" classname="HackTeamTest" time="0.0"/>
  <system-out><![CDATA[]]></system-out>
  <system-err><![CDATA[]]></system-err>
</testsuite>
